{
  "stats": {
    "suites": 6,
    "tests": 5,
    "passes": 5,
    "pending": 0,
    "failures": 0,
    "start": "2019-02-03T00:27:13.629Z",
    "end": "2019-02-03T00:27:19.737Z",
    "duration": 6108,
    "testsRegistered": 5,
    "passPercent": 100,
    "pendingPercent": 0,
    "other": 0,
    "hasOther": false,
    "skipped": 0,
    "hasSkipped": false,
    "passPercentClass": "success",
    "pendingPercentClass": "danger"
  },
  "suites": {
    "uuid": "06177894-40e5-4800-a97e-e58f9e1c35dc",
    "title": "",
    "fullFile": "",
    "file": "",
    "beforeHooks": [],
    "afterHooks": [],
    "tests": [],
    "suites": [
      {
        "uuid": "2cff8c49-d893-48e5-b476-aaed392ebc85",
        "title": "Current Weather Data API - Test Suite",
        "fullFile": "C:\\Users\\L119466\\Downloads\\Test\\JavaScriptApiAutomation\\specs\\Test_GetCurrentWeather.js",
        "file": "\\specs\\Test_GetCurrentWeather.js",
        "beforeHooks": [],
        "afterHooks": [],
        "tests": [],
        "suites": [
          {
            "uuid": "51c12892-d419-4334-8d44-353b4480e8a4",
            "title": "Basic Shakedown Tests",
            "fullFile": "C:\\Users\\L119466\\Downloads\\Test\\JavaScriptApiAutomation\\specs\\Test_GetCurrentWeather.js",
            "file": "\\specs\\Test_GetCurrentWeather.js",
            "beforeHooks": [],
            "afterHooks": [],
            "tests": [
              {
                "title": "Verify 'Current Weather By GPS Coordinates' Api response is OK",
                "fullTitle": "Current Weather Data API - Test Suite Basic Shakedown Tests Verify 'Current Weather By GPS Coordinates' Api response is OK",
                "timedOut": false,
                "duration": 1203,
                "state": "passed",
                "speed": "slow",
                "pass": true,
                "fail": false,
                "pending": false,
                "code": "testData = data.BaseURL+'current/?lat=0&lon=0&key='+data.ApiKey;\nconsole.log(\"Running Test for Current Weather By GPS Coordinates \"+testData);\n\ncurrentResponse = await Get_CurrentByGPSCoordinates(testData);\nexpect(currentResponse.statusCode).to.equal(200);\n\ncurrentResponseBody = JSON.parse(currentResponse.body);\n     \nexpect(currentResponseBody.data).to.be.an('array');",
                "err": {},
                "isRoot": false,
                "uuid": "9527ac7d-e0ab-4097-9f88-1cd206edf6aa",
                "isHook": false,
                "skipped": false
              }
            ],
            "suites": [],
            "passes": [
              "9527ac7d-e0ab-4097-9f88-1cd206edf6aa"
            ],
            "failures": [],
            "pending": [],
            "skipped": [],
            "duration": 1203,
            "root": false,
            "rootEmpty": false,
            "_timeout": 30000
          },
          {
            "uuid": "e1d73425-e9e6-48fb-9b67-14311b5a51a1",
            "title": "Functional Tests",
            "fullFile": "C:\\Users\\L119466\\Downloads\\Test\\JavaScriptApiAutomation\\specs\\Test_GetCurrentWeather.js",
            "file": "\\specs\\Test_GetCurrentWeather.js",
            "beforeHooks": [],
            "afterHooks": [],
            "tests": [
              {
                "title": "Verify STATE CODE is displayed in response of 'Current Weather By GPS Coordinates' Api",
                "fullTitle": "Current Weather Data API - Test Suite Functional Tests Verify STATE CODE is displayed in response of 'Current Weather By GPS Coordinates' Api",
                "timedOut": false,
                "duration": 850,
                "state": "passed",
                "speed": "slow",
                "pass": true,
                "fail": false,
                "pending": false,
                "code": "testData = data.BaseURL+'current/?lat='+data.Current.Lat+'&lon='+data.Current.Lon+'&key='+data.ApiKey;\nconsole.log(\"Running Test for Current Weather By GPS Coordinates \"+testData);\n\ncurrentResponse = await Get_CurrentByGPSCoordinates(testData);\nexpect(currentResponse.statusCode).to.equal(200);\n\ncurrentResponseBody = JSON.parse(currentResponse.body);\n\nexpect(currentResponseBody.data[0]).to.include.any.keys( 'state_code');\n\nexpect(currentResponseBody.data[0].state_code).not.to.be.null;",
                "err": {},
                "isRoot": false,
                "uuid": "aeeb4085-4450-4950-a592-b2779348fb84",
                "isHook": false,
                "skipped": false
              }
            ],
            "suites": [],
            "passes": [
              "aeeb4085-4450-4950-a592-b2779348fb84"
            ],
            "failures": [],
            "pending": [],
            "skipped": [],
            "duration": 850,
            "root": false,
            "rootEmpty": false,
            "_timeout": 30000
          }
        ],
        "passes": [],
        "failures": [],
        "pending": [],
        "skipped": [],
        "duration": 0,
        "root": false,
        "rootEmpty": false,
        "_timeout": 30000
      },
      {
        "uuid": "0a2fd144-3443-4104-afb9-5238a748820e",
        "title": "Forecast Weather Data API - Test Suite",
        "fullFile": "C:\\Users\\L119466\\Downloads\\Test\\JavaScriptApiAutomation\\specs\\Test_GetForecastWeather.js",
        "file": "\\specs\\Test_GetForecastWeather.js",
        "beforeHooks": [],
        "afterHooks": [],
        "tests": [],
        "suites": [
          {
            "uuid": "249b3e83-c093-4099-b5c5-4ddf92b54c6a",
            "title": "Basic Shakedown Tests",
            "fullFile": "C:\\Users\\L119466\\Downloads\\Test\\JavaScriptApiAutomation\\specs\\Test_GetForecastWeather.js",
            "file": "\\specs\\Test_GetForecastWeather.js",
            "beforeHooks": [],
            "afterHooks": [],
            "tests": [
              {
                "title": "Verify 'Forecast - 3 Hourly Data' Api response is OK",
                "fullTitle": "Forecast Weather Data API - Test Suite Basic Shakedown Tests Verify 'Forecast - 3 Hourly Data' Api response is OK",
                "timedOut": false,
                "duration": 1520,
                "state": "passed",
                "speed": "slow",
                "pass": true,
                "fail": false,
                "pending": false,
                "code": "testData = data.BaseURL+'forecast/3hourly?postal_code=28546&key='+data.ApiKey;\nconsole.log(\"Running Test for Forecast by Postal Code\"+testData);\n\nforecastResponse = await Get_ForecastByPostalCode(testData);\nexpect(forecastResponse.statusCode).to.equal(200);\n\nforecastResponseBody = JSON.parse(forecastResponse.body);\n     \nexpect(forecastResponseBody.data).to.be.an('array');",
                "err": {},
                "isRoot": false,
                "uuid": "5b760377-352e-4489-a5e7-390ad2f755b1",
                "isHook": false,
                "skipped": false
              }
            ],
            "suites": [],
            "passes": [
              "5b760377-352e-4489-a5e7-390ad2f755b1"
            ],
            "failures": [],
            "pending": [],
            "skipped": [],
            "duration": 1520,
            "root": false,
            "rootEmpty": false,
            "_timeout": 30000
          },
          {
            "uuid": "47c3a2f0-7f4b-4fd8-be53-c816ffba048a",
            "title": "Functional Tests",
            "fullFile": "C:\\Users\\L119466\\Downloads\\Test\\JavaScriptApiAutomation\\specs\\Test_GetForecastWeather.js",
            "file": "\\specs\\Test_GetForecastWeather.js",
            "beforeHooks": [],
            "afterHooks": [],
            "tests": [
              {
                "title": "Verify response of 'Forecast Weather By Postal Code' Api have value of TIMESTAMP UTC",
                "fullTitle": "Forecast Weather Data API - Test Suite Functional Tests Verify response of 'Forecast Weather By Postal Code' Api have value of TIMESTAMP UTC",
                "timedOut": false,
                "duration": 1239,
                "state": "passed",
                "speed": "slow",
                "pass": true,
                "fail": false,
                "pending": false,
                "code": "testData = data.BaseURL+'forecast/3hourly?postal_code='+data.Forecast3Hourly.Postal_Code+'&key='+data.ApiKey;\n\nconsole.log(\"Running Test for Forecast by Postal Code\"+testData);\nforecastResponse = await Get_ForecastByPostalCode(testData);\nexpect(forecastResponse.statusCode).to.equal(200);\n\nforecastResponseBody = JSON.parse(forecastResponse.body);\n\nfor(var i = 0; i < forecastResponseBody.data.length; i++) {\n    var dataObj = forecastResponseBody.data[i];\n\n    expect(dataObj).to.include.any.keys('timestamp_utc');\n    expect(dataObj.timestamp_utc).not.to.be.null;\n    // console.log(\"timestamp_utc = \"+dataObj.timestamp_utc);\n}",
                "err": {},
                "isRoot": false,
                "uuid": "246c45d5-54b1-4794-bfeb-6eaba02253d0",
                "isHook": false,
                "skipped": false
              },
              {
                "title": "Verify response of 'Forecast Weather By Postal Code' Api have value of WEATHER",
                "fullTitle": "Forecast Weather Data API - Test Suite Functional Tests Verify response of 'Forecast Weather By Postal Code' Api have value of WEATHER",
                "timedOut": false,
                "duration": 1271,
                "state": "passed",
                "speed": "slow",
                "pass": true,
                "fail": false,
                "pending": false,
                "code": "testData = data.BaseURL+'forecast/3hourly?postal_code='+data.Forecast3Hourly.Postal_Code+'&key='+data.ApiKey;\nconsole.log(\"Running Test for \"+testData);\n\nforecastResponse = await Get_ForecastByPostalCode(testData);\nexpect(forecastResponse.statusCode).to.equal(200);\n\nforecastResponseBody = JSON.parse(forecastResponse.body);\n\nfor(var i = 0; i < forecastResponseBody.data.length; i++) {\n    var dataObj = forecastResponseBody.data[i];\n\n    expect(dataObj.weather).to.include.any.keys('icon','code','description');\n    \n    expect(dataObj.weather).not.to.be.null;\n    expect(dataObj.weather.icon).not.to.be.null;\n    expect(dataObj.weather.code).not.to.be.null;\n    expect(dataObj.weather.description).not.to.be.null;\n    // console.log(\"weather = \"+dataObj.weather);\n}",
                "err": {},
                "isRoot": false,
                "uuid": "37ed7a5f-2974-4210-a253-1be0e623a259",
                "isHook": false,
                "skipped": false
              }
            ],
            "suites": [],
            "passes": [
              "246c45d5-54b1-4794-bfeb-6eaba02253d0",
              "37ed7a5f-2974-4210-a253-1be0e623a259"
            ],
            "failures": [],
            "pending": [],
            "skipped": [],
            "duration": 2510,
            "root": false,
            "rootEmpty": false,
            "_timeout": 30000
          }
        ],
        "passes": [],
        "failures": [],
        "pending": [],
        "skipped": [],
        "duration": 0,
        "root": false,
        "rootEmpty": false,
        "_timeout": 30000
      }
    ],
    "passes": [],
    "failures": [],
    "pending": [],
    "skipped": [],
    "duration": 0,
    "root": true,
    "rootEmpty": true,
    "_timeout": 2000
  },
  "copyrightYear": 2019
}